<?xml version="1.0" encoding="utf-8"?><testsuites name="pytest tests"><testsuite name="pytest" errors="0" failures="0" skipped="0" tests="20" time="65.015" timestamp="2026-06-15T13:53:06.515012+00:00" hostname="agent-env-0fdda889-62bd-483c-8888-12a5ac242003"><testcase classname="backend.tests.backend_test" name="test_health" time="0.264" /><testcase classname="backend.tests.backend_test.TestAuth" name="test_register_duplicate" time="0.412" /><testcase classname="backend.tests.backend_test.TestAuth" name="test_login_invalid" time="0.274" /><testcase classname="backend.tests.backend_test.TestAuth" name="test_login_valid_and_me" time="0.324" /><testcase classname="backend.tests.backend_test.TestAuth" name="test_me_without_token" time="0.046" /><testcase classname="backend.tests.backend_test.TestDrawio" name="test_parse_multipage" time="0.050" /><testcase classname="backend.tests.backend_test.TestDrawio" name="test_parse_simple_mxgraph" time="0.047" /><testcase classname="backend.tests.backend_test.TestDrawio" name="test_parse_invalid" time="0.047" /><testcase classname="backend.tests.backend_test.TestDrawio" name="test_parse_unauthorized" time="0.047" /><testcase classname="backend.tests.backend_test.TestLLDGenerate" name="test_stream_completes" time="62.269" /><testcase classname="backend.tests.backend_test.TestLLDGenerate" name="test_meta_payload" time="0.000" /><testcase classname="backend.tests.backend_test.TestLLDCrud" name="test_list" time="0.049" /><testcase classname="backend.tests.backend_test.TestLLDCrud" name="test_get" time="0.048" /><testcase classname="backend.tests.backend_test.TestLLDCrud" name="test_export_markdown" time="0.059" /><testcase classname="backend.tests.backend_test.TestLLDCrud" name="test_export_docx" time="0.111" /><testcase classname="backend.tests.backend_test.TestLLDCrud" name="test_other_user_cannot_access" time="0.362" /><testcase classname="backend.tests.backend_test.TestLLDCrud" name="test_find_by_title_success" time="0.046" /><testcase classname="backend.tests.backend_test.TestLLDCrud" name="test_find_by_title_404" time="0.049" /><testcase classname="backend.tests.backend_test.TestLLDCrud" name="test_find_by_title_user_isolation" time="0.318" /><testcase classname="backend.tests.backend_test.TestLLDCrud" name="test_delete" time="0.096" /></testsuite></testsuites>