<?xml version="1.0" encoding="utf-8"?><testsuites name="pytest tests"><testsuite name="pytest" errors="0" failures="0" skipped="0" tests="17" time="53.532" timestamp="2026-06-15T13:39:25.230144+00:00" hostname="agent-env-0fdda889-62bd-483c-8888-12a5ac242003"><testcase classname="backend.tests.backend_test" name="test_health" time="0.261" /><testcase classname="backend.tests.backend_test.TestAuth" name="test_register_duplicate" time="0.375" /><testcase classname="backend.tests.backend_test.TestAuth" name="test_login_invalid" time="0.268" /><testcase classname="backend.tests.backend_test.TestAuth" name="test_login_valid_and_me" time="0.311" /><testcase classname="backend.tests.backend_test.TestAuth" name="test_me_without_token" time="0.044" /><testcase classname="backend.tests.backend_test.TestDrawio" name="test_parse_multipage" time="0.049" /><testcase classname="backend.tests.backend_test.TestDrawio" name="test_parse_simple_mxgraph" time="0.048" /><testcase classname="backend.tests.backend_test.TestDrawio" name="test_parse_invalid" time="0.042" /><testcase classname="backend.tests.backend_test.TestDrawio" name="test_parse_unauthorized" time="0.043" /><testcase classname="backend.tests.backend_test.TestLLDGenerate" name="test_stream_completes" time="51.180" /><testcase classname="backend.tests.backend_test.TestLLDGenerate" name="test_meta_payload" time="0.000" /><testcase classname="backend.tests.backend_test.TestLLDCrud" name="test_list" time="0.055" /><testcase classname="backend.tests.backend_test.TestLLDCrud" name="test_get" time="0.048" /><testcase classname="backend.tests.backend_test.TestLLDCrud" name="test_export_markdown" time="0.047" /><testcase classname="backend.tests.backend_test.TestLLDCrud" name="test_export_docx" time="0.158" /><testcase classname="backend.tests.backend_test.TestLLDCrud" name="test_other_user_cannot_access" time="0.362" /><testcase classname="backend.tests.backend_test.TestLLDCrud" name="test_delete" time="0.092" /></testsuite></testsuites>